d:\space hater\visual studio\space_hater\space_hater\debug\vc120.pdb
d:\space hater\visual studio\space_hater\space_hater\debug\rectangle.obj
d:\space hater\visual studio\space_hater\space_hater\debug\myutility.obj
d:\space hater\visual studio\space_hater\space_hater\debug\mytexture.obj
d:\space hater\visual studio\space_hater\space_hater\debug\myshader.obj
d:\space hater\visual studio\space_hater\space_hater\debug\mysave.obj
d:\space hater\visual studio\space_hater\space_hater\debug\mypipeline.obj
d:\space hater\visual studio\space_hater\space_hater\debug\mymusic.obj
d:\space hater\visual studio\space_hater\space_hater\debug\mymesh.obj
d:\space hater\visual studio\space_hater\space_hater\debug\mymath.obj
d:\space hater\visual studio\space_hater\space_hater\debug\myfps.obj
d:\space hater\visual studio\space_hater\space_hater\debug\myconfig.obj
d:\space hater\visual studio\space_hater\space_hater\debug\mybutton.obj
d:\space hater\visual studio\space_hater\space_hater\debug\phasemap.obj
d:\space hater\visual studio\space_hater\space_hater\debug\myelement.obj
d:\space hater\visual studio\space_hater\space_hater\debug\menustart.obj
d:\space hater\visual studio\space_hater\space_hater\debug\myship.obj
d:\space hater\visual studio\space_hater\space_hater\debug\mymap .obj
d:\space hater\visual studio\space_hater\space_hater\debug\main.obj
d:\space hater\visual studio\space_hater\space_hater\debug\lightless.obj
d:\space hater\visual studio\space_hater\space_hater\debug\light.obj
d:\space hater\visual studio\space_hater\space_hater\debug\.netframework,version=v4.5.assemblyattributes.obj
d:\space hater\visual studio\space_hater\space_hater\debug\draw.obj
d:\space hater\visual studio\space_hater\space_hater\debug\mysdraw.obj
d:\space hater\visual studio\space_hater\space_hater\debug\myslightless.obj
d:\space hater\visual studio\space_hater\space_hater\debug\myslight.obj
d:\space hater\visual studio\space_hater\space_hater\debug\mysadvancelight.obj
d:\space hater\visual studio\space_hater\space_hater\debug\space_hater.vcxprojresolveassemblyreference.cache
d:\space hater\visual studio\space_hater\debug\space_hater.pdb
d:\space hater\visual studio\space_hater\space_hater\debug\space_hater.tlog\cl.command.1.tlog
d:\space hater\visual studio\space_hater\space_hater\debug\space_hater.tlog\cl.read.1.tlog
d:\space hater\visual studio\space_hater\space_hater\debug\space_hater.tlog\cl.write.1.tlog
d:\space hater\visual studio\space_hater\space_hater\debug\space_hater.tlog\link.7456-cvtres.read.1.tlog
d:\space hater\visual studio\space_hater\space_hater\debug\space_hater.tlog\link.7456-cvtres.write.1.tlog
d:\space hater\visual studio\space_hater\space_hater\debug\space_hater.tlog\link.7456-rc.read.1.tlog
d:\space hater\visual studio\space_hater\space_hater\debug\space_hater.tlog\link.7456-rc.write.1.tlog
d:\space hater\visual studio\space_hater\space_hater\debug\space_hater.tlog\link.7456.read.1.tlog
d:\space hater\visual studio\space_hater\space_hater\debug\space_hater.tlog\link.7456.write.1.tlog
d:\space hater\visual studio\space_hater\space_hater\debug\space_hater.tlog\link.7508-cvtres.read.1.tlog
d:\space hater\visual studio\space_hater\space_hater\debug\space_hater.tlog\link.7508-cvtres.write.1.tlog
d:\space hater\visual studio\space_hater\space_hater\debug\space_hater.tlog\link.7508-rc.read.1.tlog
d:\space hater\visual studio\space_hater\space_hater\debug\space_hater.tlog\link.7508-rc.write.1.tlog
d:\space hater\visual studio\space_hater\space_hater\debug\space_hater.tlog\link.7508.read.1.tlog
d:\space hater\visual studio\space_hater\space_hater\debug\space_hater.tlog\link.7508.write.1.tlog
d:\space hater\visual studio\space_hater\space_hater\debug\space_hater.tlog\link.7540-cvtres.read.1.tlog
d:\space hater\visual studio\space_hater\space_hater\debug\space_hater.tlog\link.7540-cvtres.write.1.tlog
d:\space hater\visual studio\space_hater\space_hater\debug\space_hater.tlog\link.7540-rc.read.1.tlog
d:\space hater\visual studio\space_hater\space_hater\debug\space_hater.tlog\link.7540-rc.write.1.tlog
d:\space hater\visual studio\space_hater\space_hater\debug\space_hater.tlog\link.7540.read.1.tlog
d:\space hater\visual studio\space_hater\space_hater\debug\space_hater.tlog\link.7540.write.1.tlog
d:\space hater\visual studio\space_hater\space_hater\debug\space_hater.tlog\link.command.1.tlog
d:\space hater\visual studio\space_hater\space_hater\debug\space_hater.tlog\link.read.1.tlog
d:\space hater\visual studio\space_hater\space_hater\debug\space_hater.tlog\link.write.1.tlog
d:\space hater\visual studio\space_hater\space_hater\debug\space_hater.tlog\metagen.read.1.tlog
d:\space hater\visual studio\space_hater\space_hater\debug\space_hater.tlog\metagen.write.1.tlog
d:\space hater\visual studio\space_hater\space_hater\debug\space_hater.tlog\rsaenh.dll.bi
d:\space hater\visual studio\space_hater\space_hater\debug\space_hater.tlog\tzres.dll.bi
